<?xml version="1.0" encoding="UTF-8"?>
<!-- Generated by org.testng.reporters.JUnitXMLReporter -->
<testsuite hostname="dell" ignored="0" name="QaAssignment-CreateAndEditAlbums" tests="11" failures="1" timestamp="13 Aug 2019 03:44:31 GMT" time="52.231" errors="0">
  <testcase name="gotoAlbumPage" time="2.258" classname="net.rtcamp.qa.testCases.CreateAndEditAlbum"/>
  <testcase name="createAlbum" time="2.073" classname="net.rtcamp.qa.testCases.CreateAndEditAlbum"/>
  <testcase name="editAlbum" time="1.792" classname="net.rtcamp.qa.testCases.CreateAndEditAlbum"/>
  <testcase name="selectFiles" time="3.098" classname="net.rtcamp.qa.testCases.CreateAndEditAlbum"/>
  <testcase name="selectFiles" time="2.236" classname="net.rtcamp.qa.testCases.CreateAndEditAlbum"/>
  <testcase name="selectFiles" time="2.271" classname="net.rtcamp.qa.testCases.CreateAndEditAlbum"/>
  <testcase name="selectFiles" time="2.191" classname="net.rtcamp.qa.testCases.CreateAndEditAlbum"/>
  <testcase name="selectFiles" time="2.17" classname="net.rtcamp.qa.testCases.CreateAndEditAlbum"/>
  <testcase name="uploadFiles" time="21.591" classname="net.rtcamp.qa.testCases.CreateAndEditAlbum"/>
  <testcase name="likeMediaFile" time="1.121" classname="net.rtcamp.qa.testCases.CreateAndEditAlbum"/>
  <testcase name="assertImageInLikes" time="11.392" classname="net.rtcamp.qa.testCases.CreateAndEditAlbum">
    <failure type="org.openqa.selenium.NoSuchElementException" message="no such element: Unable to locate element: {&amp;quot;method&amp;quot;:&amp;quot;xpath&amp;quot;,&amp;quot;selector&amp;quot;:&amp;quot;//a[@title=&amp;apos;bird&amp;apos;]&amp;quot;}
  (Session info: chrome=76.0.3809.100)
  (Driver info: chromedriver=2.38.552522 (437e6fbedfa8762dec75e2c5b3ddb86763dc9dcb),platform=Windows NT 6.3.9600 x86_64) (WARNING: The server did not provide any stacktrace information)
Command duration or timeout: 0 milliseconds
For documentation on this error, please visit: http://seleniumhq.org/exceptions/no_such_element.html
Build info: version: &amp;apos;3.9.1&amp;apos;, revision: &amp;apos;63f7b50&amp;apos;, time: &amp;apos;2018-02-07T22:25:02.294Z&amp;apos;
System info: host: &amp;apos;DELL&amp;apos;, ip: &amp;apos;192.168.166.2&amp;apos;, os.name: &amp;apos;Windows 8.1&amp;apos;, os.arch: &amp;apos;amd64&amp;apos;, os.version: &amp;apos;6.3&amp;apos;, java.version: &amp;apos;1.8.0_171&amp;apos;
Driver info: org.openqa.selenium.chrome.ChromeDriver
Capabilities {acceptInsecureCerts: false, acceptSslCerts: false, applicationCacheEnabled: false, browserConnectionEnabled: false, browserName: chrome, chrome: {chromedriverVersion: 2.38.552522 (437e6fbedfa876..., userDataDir: C:\Users\Amr\AppData\Local\...}, cssSelectorsEnabled: true, databaseEnabled: false, handlesAlerts: true, hasTouchScreen: false, javascriptEnabled: true, locationContextEnabled: true, mobileEmulationEnabled: false, nativeEvents: true, networkConnectionEnabled: false, pageLoadStrategy: normal, platform: XP, platformName: XP, rotatable: false, setWindowRect: true, takesHeapSnapshot: true, takesScreenshot: true, unexpectedAlertBehaviour: , unhandledPromptBehavior: , version: 76.0.3809.100, webStorageEnabled: true}
Session ID: 6d8dc93b5d8d0e64d40e134b36c24aac
*** Element info: {Using=xpath, value=//a[@title=&amp;apos;bird&amp;apos;]}">
      <![CDATA[org.openqa.selenium.NoSuchElementException: no such element: Unable to locate element: {"method":"xpath","selector":"//a[@title='bird']"}
  (Session info: chrome=76.0.3809.100)
  (Driver info: chromedriver=2.38.552522 (437e6fbedfa8762dec75e2c5b3ddb86763dc9dcb),platform=Windows NT 6.3.9600 x86_64) (WARNING: The server did not provide any stacktrace information)
Command duration or timeout: 0 milliseconds
For documentation on this error, please visit: http://seleniumhq.org/exceptions/no_such_element.html
Build info: version: '3.9.1', revision: '63f7b50', time: '2018-02-07T22:25:02.294Z'
System info: host: 'DELL', ip: '192.168.166.2', os.name: 'Windows 8.1', os.arch: 'amd64', os.version: '6.3', java.version: '1.8.0_171'
Driver info: org.openqa.selenium.chrome.ChromeDriver
Capabilities {acceptInsecureCerts: false, acceptSslCerts: false, applicationCacheEnabled: false, browserConnectionEnabled: false, browserName: chrome, chrome: {chromedriverVersion: 2.38.552522 (437e6fbedfa876..., userDataDir: C:\Users\Amr\AppData\Local\...}, cssSelectorsEnabled: true, databaseEnabled: false, handlesAlerts: true, hasTouchScreen: false, javascriptEnabled: true, locationContextEnabled: true, mobileEmulationEnabled: false, nativeEvents: true, networkConnectionEnabled: false, pageLoadStrategy: normal, platform: XP, platformName: XP, rotatable: false, setWindowRect: true, takesHeapSnapshot: true, takesScreenshot: true, unexpectedAlertBehaviour: , unhandledPromptBehavior: , version: 76.0.3809.100, webStorageEnabled: true}
Session ID: 6d8dc93b5d8d0e64d40e134b36c24aac
*** Element info: {Using=xpath, value=//a[@title='bird']}
at org.openqa.selenium.remote.ErrorHandler.createThrowable(ErrorHandler.java:214)
at org.openqa.selenium.remote.ErrorHandler.throwIfResponseFailed(ErrorHandler.java:166)
at org.openqa.selenium.remote.http.JsonHttpResponseCodec.reconstructValue(JsonHttpResponseCodec.java:40)
at org.openqa.selenium.remote.http.AbstractHttpResponseCodec.decode(AbstractHttpResponseCodec.java:80)
at org.openqa.selenium.remote.http.AbstractHttpResponseCodec.decode(AbstractHttpResponseCodec.java:44)
at org.openqa.selenium.remote.HttpCommandExecutor.execute(HttpCommandExecutor.java:160)
at org.openqa.selenium.remote.service.DriverCommandExecutor.execute(DriverCommandExecutor.java:83)
at org.openqa.selenium.remote.RemoteWebDriver.execute(RemoteWebDriver.java:601)
at org.openqa.selenium.remote.RemoteWebDriver.findElement(RemoteWebDriver.java:371)
at org.openqa.selenium.remote.RemoteWebDriver.findElementByXPath(RemoteWebDriver.java:473)
at org.openqa.selenium.By$ByXPath.findElement(By.java:361)
at org.openqa.selenium.remote.RemoteWebDriver.findElement(RemoteWebDriver.java:363)
at net.rtcamp.qa.testPages.MediaAlbumPage.targetImageInLikesElement(MediaAlbumPage.java:86)
at net.rtcamp.qa.testPages.MediaAlbumPage.assertImageInLikes(MediaAlbumPage.java:158)
at net.rtcamp.qa.testCases.CreateAndEditAlbum.assertImageInLikes(CreateAndEditAlbum.java:56)
... Removed 29 stack frames]]>
    </failure>
  </testcase> <!-- assertImageInLikes -->
</testsuite> <!-- QaAssignment-CreateAndEditAlbums -->
